<?xml version="1.0" encoding="UTF-8"?>
<!-- Generated by org.testng.reporters.JUnitReportReporter -->
<testsuite hostname="Selva" failures="0" tests="1" name="phaseendproject.Assignement006" time="2.906" errors="0" timestamp="2024-02-20T12:08:13 IST" skipped="0">
  <testcase classname="phaseendproject.Assignement006" name="assignment006" time="2.906"/>
  <system-out/>
</testsuite> <!-- phaseendproject.Assignement006 -->
