<?xml version="1.0" encoding="UTF-8"?>
<!-- Generated by org.testng.reporters.JUnitReportReporter -->
<testsuite hostname="Selva" failures="0" tests="3" name="phaseendproject.Assignment001Post" time="6.089" errors="0" timestamp="2024-02-20T12:02:53 IST" skipped="0">
  <testcase classname="phaseendproject.Assignment001Post" name="assignment001post" time="3.351"/>
  <system-out/>
  <testcase classname="phaseendproject.Assignment001Post" name="assignment001Get" time="1.372"/>
  <system-out/>
  <testcase classname="phaseendproject.Assignment001Post" name="assignment001Delete" time="1.366"/>
  <system-out/>
</testsuite> <!-- phaseendproject.Assignment001Post -->
