<?xml version="1.0" encoding="UTF-8"?>
<!-- Generated by org.testng.reporters.JUnitReportReporter -->
<testsuite hostname="Selva" failures="0" tests="3" name="phaseendproject.Assignement005" time="5.638" errors="0" timestamp="2024-02-20T12:29:52 IST" skipped="0">
  <testcase classname="phaseendproject.Assignement005" name="assignment005_available" time="2.979"/>
  <system-out/>
  <testcase classname="phaseendproject.Assignement005" name="assignment005_sold" time="1.306"/>
  <system-out/>
  <testcase classname="phaseendproject.Assignement005" name="assignment005_pending" time="1.353"/>
  <system-out/>
</testsuite> <!-- phaseendproject.Assignement005 -->
