<?xml version="1.0" encoding="UTF-8"?>
<!-- Generated by org.testng.reporters.JUnitReportReporter -->
<testsuite hostname="Selva" failures="0" tests="4" name="phaseendproject.Assignment002" time="7.660" errors="0" timestamp="2024-02-20T12:05:06 IST" skipped="0">
  <testcase classname="phaseendproject.Assignment002" name="post_status_available" time="3.540"/>
  <system-out/>
  <testcase classname="phaseendproject.Assignment002" name="put_status_available_Dev" time="1.408"/>
  <system-out/>
  <testcase classname="phaseendproject.Assignment002" name="put_status_available_QA" time="1.352"/>
  <system-out/>
  <testcase classname="phaseendproject.Assignment002" name="put_status_available_Prod" time="1.360"/>
  <system-out/>
</testsuite> <!-- phaseendproject.Assignment002 -->
