<?xml version="1.0" encoding="UTF-8"?>
<!-- Generated by org.testng.reporters.JUnitReportReporter -->
<testsuite hostname="Selva" failures="0" tests="1" name="phaseendproject.Assignement004" time="3.228" errors="0" timestamp="2024-02-20T12:06:31 IST" skipped="0">
  <testcase classname="phaseendproject.Assignement004" name="assignment004" time="3.228"/>
  <system-out/>
</testsuite> <!-- phaseendproject.Assignement004 -->
